# JRE version: OpenJDK Runtime Environment (11.0.11+9) (build 11.0.11+9-b60-7590822)
# Java VM: OpenJDK 64-Bit Server VM (11.0.11+9-b60-7590822, mixed mode, tiered, compressed oops, g1 gc, windows-amd64)
Heap:
 garbage-first heap   total 225280K, used 159004K [0x0000000080000000, 0x0000000100000000)
  region size 1024K, 48 young (49152K), 8 survivors (8192K)
 Metaspace       used 107291K, capacity 110220K, committed 110484K, reserved 1144832K
  class space    used 13527K, capacity 14655K, committed 14668K, reserved 1048576K
GC Heap History (20 events):
Event: 7.385 GC heap before
{Heap before GC invocations=12 (full 0):
 garbage-first heap   total 187392K, used 128471K [0x0000000080000000, 0x0000000100000000)
  region size 1024K, 79 young (80896K), 6 survivors (6144K)
 Metaspace       used 52918K, capacity 54332K, committed 54548K, reserved 1097728K
  class space    used 6821K, capacity 7349K, committed 7372K, reserved 1048576K
}
Event: 7.396 GC heap after
{Heap after GC invocations=13 (full 0):
 garbage-first heap   total 187392K, used 59087K [0x0000000080000000, 0x0000000100000000)
  region size 1024K, 6 young (6144K), 6 survivors (6144K)
 Metaspace       used 52918K, capacity 54332K, committed 54548K, reserved 1097728K
  class space    used 6821K, capacity 7349K, committed 7372K, reserved 1048576K
}
Event: 8.804 GC heap before
{Heap before GC invocations=13 (full 0):
 garbage-first heap   total 187392K, used 141007K [0x0000000080000000, 0x0000000100000000)
  region size 1024K, 81 young (82944K), 6 survivors (6144K)
 Metaspace       used 55807K, capacity 57358K, committed 57492K, reserved 1099776K
  class space    used 7179K, capacity 7728K, committed 7756K, reserved 1048576K
}
Event: 8.816 GC heap after
{Heap after GC invocations=14 (full 0):
 garbage-first heap   total 187392K, used 72595K [0x0000000080000000, 0x0000000100000000)
  region size 1024K, 11 young (11264K), 11 survivors (11264K)
 Metaspace       used 55807K, capacity 57358K, committed 57492K, reserved 1099776K
  class space    used 7179K, capacity 7728K, committed 7756K, reserved 1048576K
}
Event: 9.966 GC heap before
{Heap before GC invocations=14 (full 0):
 garbage-first heap   total 187392K, used 142227K [0x0000000080000000, 0x0000000100000000)
  region size 1024K, 79 young (80896K), 11 survivors (11264K)
 Metaspace       used 65083K, capacity 66797K, committed 67092K, reserved 1107968K
  class space    used 8273K, capacity 8865K, committed 8908K, reserved 1048576K
}
Event: 9.979 GC heap after
{Heap after GC invocations=15 (full 0):
 garbage-first heap   total 187392K, used 75914K [0x0000000080000000, 0x0000000100000000)
  region size 1024K, 3 young (3072K), 3 survivors (3072K)
 Metaspace       used 65083K, capacity 66797K, committed 67092K, reserved 1107968K
  class space    used 8273K, capacity 8865K, committed 8908K, reserved 1048576K
}
Event: 10.701 GC heap before
{Heap before GC invocations=15 (full 0):
 garbage-first heap   total 187392K, used 123018K [0x0000000080000000, 0x0000000100000000)
  region size 1024K, 51 young (52224K), 3 survivors (3072K)
 Metaspace       used 70548K, capacity 72316K, committed 72468K, reserved 1112064K
  class space    used 8950K, capacity 9573K, committed 9676K, reserved 1048576K
}
Event: 10.712 GC heap after
{Heap after GC invocations=16 (full 0):
 garbage-first heap   total 225280K, used 79712K [0x0000000080000000, 0x0000000100000000)
  region size 1024K, 7 young (7168K), 7 survivors (7168K)
 Metaspace       used 70548K, capacity 72316K, committed 72468K, reserved 1112064K
  class space    used 8950K, capacity 9573K, committed 9676K, reserved 1048576K
}
Event: 11.759 GC heap before
{Heap before GC invocations=17 (full 0):
 garbage-first heap   total 225280K, used 159584K [0x0000000080000000, 0x0000000100000000)
  region size 1024K, 85 young (87040K), 7 survivors (7168K)
 Metaspace       used 75119K, capacity 77111K, committed 77204K, reserved 1116160K
  class space    used 9572K, capacity 10265K, committed 10316K, reserved 1048576K
}
Event: 11.774 GC heap after
{Heap after GC invocations=18 (full 0):
 garbage-first heap   total 225280K, used 84810K [0x0000000080000000, 0x0000000100000000)
  region size 1024K, 10 young (10240K), 10 survivors (10240K)
 Metaspace       used 75119K, capacity 77111K, committed 77204K, reserved 1116160K
  class space    used 9572K, capacity 10265K, committed 10316K, reserved 1048576K
}
Event: 13.038 GC heap before
{Heap before GC invocations=18 (full 0):
 garbage-first heap   total 225280K, used 174922K [0x0000000080000000, 0x0000000100000000)
  region size 1024K, 90 young (92160K), 10 survivors (10240K)
 Metaspace       used 82524K, capacity 84569K, committed 84628K, reserved 1122304K
  class space    used 10612K, capacity 11332K, committed 11340K, reserved 1048576K
}
Event: 13.054 GC heap after
{Heap after GC invocations=19 (full 0):
 garbage-first heap   total 225280K, used 102917K [0x0000000080000000, 0x0000000100000000)
  region size 1024K, 12 young (12288K), 12 survivors (12288K)
 Metaspace       used 82524K, capacity 84569K, committed 84628K, reserved 1122304K
  class space    used 10612K, capacity 11332K, committed 11340K, reserved 1048576K
}
Event: 13.843 GC heap before
{Heap before GC invocations=19 (full 0):
 garbage-first heap   total 225280K, used 174597K [0x0000000080000000, 0x0000000100000000)
  region size 1024K, 82 young (83968K), 12 survivors (12288K)
 Metaspace       used 88910K, capacity 91184K, committed 91412K, reserved 1128448K
  class space    used 11367K, capacity 12164K, committed 12236K, reserved 1048576K
}
Event: 13.862 GC heap after
{Heap after GC invocations=20 (full 0):
 garbage-first heap   total 225280K, used 108240K [0x0000000080000000, 0x0000000100000000)
  region size 1024K, 4 young (4096K), 4 survivors (4096K)
 Metaspace       used 88910K, capacity 91184K, committed 91412K, reserved 1128448K
  class space    used 11367K, capacity 12164K, committed 12236K, reserved 1048576K
}
Event: 14.954 GC heap before
{Heap before GC invocations=20 (full 0):
 garbage-first heap   total 225280K, used 178896K [0x0000000080000000, 0x0000000100000000)
  region size 1024K, 73 young (74752K), 4 survivors (4096K)
 Metaspace       used 96411K, capacity 98713K, committed 98964K, reserved 1134592K
  class space    used 12316K, capacity 13108K, committed 13132K, reserved 1048576K
}
Event: 14.966 GC heap after
{Heap after GC invocations=21 (full 0):
 garbage-first heap   total 225280K, used 112357K [0x0000000080000000, 0x0000000100000000)
  region size 1024K, 8 young (8192K), 8 survivors (8192K)
 Metaspace       used 96411K, capacity 98713K, committed 98964K, reserved 1134592K
  class space    used 12316K, capacity 13108K, committed 13132K, reserved 1048576K
}
Event: 15.964 GC heap before
{Heap before GC invocations=22 (full 0):
 garbage-first heap   total 225280K, used 180965K [0x0000000080000000, 0x0000000100000000)
  region size 1024K, 76 young (77824K), 8 survivors (8192K)
 Metaspace       used 98246K, capacity 100637K, committed 100884K, reserved 1136640K
  class space    used 12540K, capacity 13393K, committed 13516K, reserved 1048576K
}
Event: 15.982 GC heap after
{Heap after GC invocations=23 (full 0):
 garbage-first heap   total 225280K, used 117072K [0x0000000080000000, 0x0000000100000000)
  region size 1024K, 10 young (10240K), 10 survivors (10240K)
 Metaspace       used 98246K, capacity 100637K, committed 100884K, reserved 1136640K
  class space    used 12540K, capacity 13393K, committed 13516K, reserved 1048576K
}
Event: 17.556 GC heap before
{Heap before GC invocations=23 (full 0):
 garbage-first heap   total 225280K, used 183632K [0x0000000080000000, 0x0000000100000000)
  region size 1024K, 76 young (77824K), 10 survivors (10240K)
 Metaspace       used 106580K, capacity 109277K, committed 109460K, reserved 1144832K
  class space    used 13486K, capacity 14546K, committed 14668K, reserved 1048576K
}
Event: 17.569 GC heap after
{Heap after GC invocations=24 (full 0):
 garbage-first heap   total 225280K, used 120092K [0x0000000080000000, 0x0000000100000000)
  region size 1024K, 8 young (8192K), 8 survivors (8192K)
 Metaspace       used 106580K, capacity 109277K, committed 109460K, reserved 1144832K
  class space    used 13486K, capacity 14546K, committed 14668K, reserved 1048576K
}

